<?xml version="1.0" encoding="UTF-8"?>
<testsuite name="TestScrabble" tests="1" skipped="0" failures="0" errors="0" timestamp="2015-08-11T16:50:51" hostname="epicodus-110.local" time="0.001">
  <properties/>
  <testcase name="isWordTest_forStringsNotContainingNumbers_true" classname="TestScrabble" time="0.001"/>
  <system-out><![CDATA[]]></system-out>
  <system-err><![CDATA[]]></system-err>
</testsuite>
